This file contains any messages produced by compilers while
running configure, to aid debugging if configure makes a mistake.

It was created by xmlplus configure VERSION, which was
generated by GNU Autoconf 2.65.  Invocation command line was

  $ ./configure --prefix=/Users/satyat/xplusbuild/

## --------- ##
## Platform. ##
## --------- ##

hostname = partialrock-lm
uname -m = i386
uname -r = 9.8.0
uname -s = Darwin
uname -v = Darwin Kernel Version 9.8.0: Wed Jul 15 16:55:01 PDT 2009; root:xnu-1228.15.4~1/RELEASE_I386

/usr/bin/uname -p = i386
/bin/uname -X     = unknown

/bin/arch              = unknown
/usr/bin/arch -k       = unknown
/usr/convex/getsysinfo = unknown
/usr/bin/hostinfo      = Mach kernel version:
	 Darwin Kernel Version 9.8.0: Wed Jul 15 16:55:01 PDT 2009; root:xnu-1228.15.4~1/RELEASE_I386
Kernel configured for up to 2 processors.
2 processors are physically available.
2 processors are logically available.
Processor type: i486 (Intel 80486)
Processors active: 0 1
Primary memory available: 2.00 gigabytes
Default processor set: 78 tasks, 316 threads, 2 processors
Load average: 1.08, Mach factor: 0.95
/bin/machine           = unknown
/usr/bin/oslevel       = unknown
/bin/universe          = unknown

PATH: /opt/local/bin
PATH: /opt/local/sbin
PATH: /usr/bin
PATH: /bin
PATH: /usr/sbin
PATH: /sbin
PATH: /usr/local/bin
PATH: /usr/X11/bin
PATH: /Users/satyat/xplusbuild/bin
PATH: /Users/satyat/packages/xmlplus/examples/build_examples/bin


## ----------- ##
## Core tests. ##
## ----------- ##

configure:2396: checking for a BSD-compatible install
configure:2464: result: /opt/local/bin/ginstall -c
configure:2475: checking whether build environment is sane
configure:2525: result: yes
configure:2666: checking for a thread-safe mkdir -p
configure:2705: result: /opt/local/bin/gmkdir -p
configure:2718: checking for gawk
configure:2748: result: no
configure:2718: checking for mawk
configure:2748: result: no
configure:2718: checking for nawk
configure:2748: result: no
configure:2718: checking for awk
configure:2734: found /usr/bin/awk
configure:2745: result: awk
configure:2756: checking whether make sets $(MAKE)
configure:2778: result: yes
configure:2887: checking build system type
configure:2901: result: i386-apple-darwin9.8.0
configure:2921: checking host system type
configure:2934: result: i386-apple-darwin9.8.0
configure:2975: checking how to print strings
configure:3002: result: printf
configure:3035: checking for style of include used by make
configure:3063: result: GNU
configure:3133: checking for gcc
configure:3149: found /usr/bin/gcc
configure:3160: result: gcc
configure:3389: checking for C compiler version
configure:3398: gcc --version >&5
i686-apple-darwin9-gcc-4.0.1 (GCC) 4.0.1 (Apple Inc. build 5493)
Copyright (C) 2005 Free Software Foundation, Inc.
This is free software; see the source for copying conditions.  There is NO
warranty; not even for MERCHANTABILITY or FITNESS FOR A PARTICULAR PURPOSE.

configure:3409: $? = 0
configure:3398: gcc -v >&5
Using built-in specs.
Target: i686-apple-darwin9
Configured with: /var/tmp/gcc/gcc-5493~1/src/configure --disable-checking -enable-werror --prefix=/usr --mandir=/share/man --enable-languages=c,objc,c++,obj-c++ --program-transform-name=/^[cg][^.-]*$/s/$/-4.0/ --with-gxx-include-dir=/include/c++/4.0.0 --with-slibdir=/usr/lib --build=i686-apple-darwin9 --with-arch=apple --with-tune=generic --host=i686-apple-darwin9 --target=i686-apple-darwin9
Thread model: posix
gcc version 4.0.1 (Apple Inc. build 5493)
configure:3409: $? = 0
configure:3398: gcc -V >&5
gcc-4.0: argument to `-V' is missing
configure:3409: $? = 1
configure:3398: gcc -qversion >&5
i686-apple-darwin9-gcc-4.0.1: no input files
configure:3409: $? = 1
configure:3429: checking whether the C compiler works
configure:3451: gcc    conftest.c  >&5
configure:3455: $? = 0
configure:3504: result: yes
configure:3507: checking for C compiler default output file name
configure:3509: result: a.out
configure:3515: checking for suffix of executables
configure:3522: gcc -o conftest    conftest.c  >&5
configure:3526: $? = 0
configure:3548: result: 
configure:3570: checking whether we are cross compiling
configure:3578: gcc -o conftest    conftest.c  >&5
configure:3582: $? = 0
configure:3589: ./conftest
configure:3593: $? = 0
configure:3608: result: no
configure:3613: checking for suffix of object files
configure:3635: gcc -c   conftest.c >&5
configure:3639: $? = 0
configure:3660: result: o
configure:3664: checking whether we are using the GNU C compiler
configure:3683: gcc -c   conftest.c >&5
configure:3683: $? = 0
configure:3692: result: yes
configure:3701: checking whether gcc accepts -g
configure:3721: gcc -c -g  conftest.c >&5
configure:3721: $? = 0
configure:3762: result: yes
configure:3779: checking for gcc option to accept ISO C89
configure:3843: gcc  -c -g -O2  conftest.c >&5
configure:3843: $? = 0
configure:3856: result: none needed
configure:3878: checking dependency style of gcc
configure:3988: result: gcc3
configure:4003: checking for a sed that does not truncate output
configure:4067: result: /usr/bin/sed
configure:4085: checking for grep that handles long lines and -e
configure:4143: result: /usr/bin/grep
configure:4148: checking for egrep
configure:4210: result: /usr/bin/grep -E
configure:4215: checking for fgrep
configure:4277: result: /usr/bin/grep -F
configure:4312: checking for ld used by gcc
configure:4379: result: /usr/libexec/gcc/i686-apple-darwin9/4.0.1/ld
configure:4386: checking if the linker (/usr/libexec/gcc/i686-apple-darwin9/4.0.1/ld) is GNU ld
configure:4401: result: no
configure:4413: checking for BSD- or MS-compatible name lister (nm)
configure:4462: result: /usr/bin/nm -p
configure:4592: checking the name lister (/usr/bin/nm -p) interface
configure:4599: gcc -c -g -O2  conftest.c >&5
configure:4602: /usr/bin/nm -p "conftest.o"
configure:4605: output
0000016c D _some_variable
configure:4612: result: BSD nm
configure:4615: checking whether ln -s works
configure:4619: result: yes
configure:4627: checking the maximum length of command line arguments
configure:4752: result: 196608
configure:4769: checking whether the shell understands some XSI constructs
configure:4779: result: yes
configure:4783: checking whether the shell understands "+="
configure:4789: result: yes
configure:4824: checking for /usr/libexec/gcc/i686-apple-darwin9/4.0.1/ld option to reload object files
configure:4831: result: -r
configure:4900: checking for objdump
configure:4930: result: no
configure:4959: checking how to recognize dependent libraries
configure:5161: result: pass_all
configure:5221: checking for ar
configure:5237: found /usr/bin/ar
configure:5248: result: ar
configure:5326: checking for strip
configure:5342: found /usr/bin/strip
configure:5353: result: strip
configure:5425: checking for ranlib
configure:5441: found /usr/bin/ranlib
configure:5452: result: ranlib
configure:5554: checking command to parse /usr/bin/nm -p output from gcc object
configure:5672: gcc -c -g -O2  conftest.c >&5
configure:5675: $? = 0
configure:5679: /usr/bin/nm -p conftest.o \| sed -n -e 's/^.*[ ]\([BCDEGRST][BCDEGRST]*\)[ ][ ]*\([_A-Za-z][_A-Za-z0-9]*\)$/\1 \2 \2/p' \> conftest.nm
configure:5682: $? = 0
cannot find nm_test_var in conftest.nm
configure:5672: gcc -c -g -O2  conftest.c >&5
configure:5675: $? = 0
configure:5679: /usr/bin/nm -p conftest.o \| sed -n -e 's/^.*[ ]\([BCDEGRST][BCDEGRST]*\)[ ][ ]*_\([_A-Za-z][_A-Za-z0-9]*\)$/\1 _\2 \2/p' \> conftest.nm
configure:5682: $? = 0
configure:5736: gcc -o conftest -g -O2   conftest.c conftstm.o >&5
configure:5739: $? = 0
configure:5777: result: ok
configure:6042: checking for dsymutil
configure:6058: found /usr/bin/dsymutil
configure:6069: result: dsymutil
configure:6134: checking for nmedit
configure:6150: found /usr/bin/nmedit
configure:6161: result: nmedit
configure:6226: checking for lipo
configure:6242: found /usr/bin/lipo
configure:6253: result: lipo
configure:6318: checking for otool
configure:6334: found /usr/bin/otool
configure:6345: result: otool
configure:6410: checking for otool64
configure:6440: result: no
configure:6485: checking for -single_module linker flag
gcc -g -O2  -o libconftest.dylib -dynamiclib -Wl,-single_module conftest.c
configure:6512: result: yes
configure:6514: checking for -exported_symbols_list linker flag
configure:6534: gcc -o conftest -g -O2   -Wl,-exported_symbols_list,conftest.sym conftest.c  >&5
configure:6534: $? = 0
configure:6544: result: yes
configure:6546: checking for -force_load linker flag
gcc -g -O2 -c -o conftest.o conftest.c
ar cru libconftest.a conftest.o
ranlib libconftest.a
gcc -g -O2  -o conftest conftest.c -Wl,-force_load,./libconftest.a
ld: unknown option: -force_load
collect2: ld returned 1 exit status
configure:6576: result: no
configure:6618: checking how to run the C preprocessor
configure:6649: gcc -E  conftest.c
configure:6649: $? = 0
configure:6663: gcc -E  conftest.c
conftest.c:11:28: error: ac_nonexistent.h: No such file or directory
configure:6663: $? = 1
configure: failed program was:
| /* confdefs.h */
| #define PACKAGE_NAME "xmlplus"
| #define PACKAGE_TARNAME "xmlplus"
| #define PACKAGE_VERSION "VERSION"
| #define PACKAGE_STRING "xmlplus VERSION"
| #define PACKAGE_BUGREPORT "BUG-REPORT-ADDRESS"
| #define PACKAGE_URL ""
| #define PACKAGE "xmlplus"
| #define VERSION "0.1"
| /* end confdefs.h.  */
| #include <ac_nonexistent.h>
configure:6688: result: gcc -E
configure:6708: gcc -E  conftest.c
configure:6708: $? = 0
configure:6722: gcc -E  conftest.c
conftest.c:11:28: error: ac_nonexistent.h: No such file or directory
configure:6722: $? = 1
configure: failed program was:
| /* confdefs.h */
| #define PACKAGE_NAME "xmlplus"
| #define PACKAGE_TARNAME "xmlplus"
| #define PACKAGE_VERSION "VERSION"
| #define PACKAGE_STRING "xmlplus VERSION"
| #define PACKAGE_BUGREPORT "BUG-REPORT-ADDRESS"
| #define PACKAGE_URL ""
| #define PACKAGE "xmlplus"
| #define VERSION "0.1"
| /* end confdefs.h.  */
| #include <ac_nonexistent.h>
configure:6751: checking for ANSI C header files
configure:6771: gcc -c -g -O2  conftest.c >&5
configure:6771: $? = 0
configure:6844: gcc -o conftest -g -O2   conftest.c  >&5
configure:6844: $? = 0
configure:6844: ./conftest
configure:6844: $? = 0
configure:6855: result: yes
configure:6868: checking for sys/types.h
configure:6868: gcc -c -g -O2  conftest.c >&5
configure:6868: $? = 0
configure:6868: result: yes
configure:6868: checking for sys/stat.h
configure:6868: gcc -c -g -O2  conftest.c >&5
configure:6868: $? = 0
configure:6868: result: yes
configure:6868: checking for stdlib.h
configure:6868: gcc -c -g -O2  conftest.c >&5
configure:6868: $? = 0
configure:6868: result: yes
configure:6868: checking for string.h
configure:6868: gcc -c -g -O2  conftest.c >&5
configure:6868: $? = 0
configure:6868: result: yes
configure:6868: checking for memory.h
configure:6868: gcc -c -g -O2  conftest.c >&5
configure:6868: $? = 0
configure:6868: result: yes
configure:6868: checking for strings.h
configure:6868: gcc -c -g -O2  conftest.c >&5
configure:6868: $? = 0
configure:6868: result: yes
configure:6868: checking for inttypes.h
configure:6868: gcc -c -g -O2  conftest.c >&5
configure:6868: $? = 0
configure:6868: result: yes
configure:6868: checking for stdint.h
configure:6868: gcc -c -g -O2  conftest.c >&5
configure:6868: $? = 0
configure:6868: result: yes
configure:6868: checking for unistd.h
configure:6868: gcc -c -g -O2  conftest.c >&5
configure:6868: $? = 0
configure:6868: result: yes
configure:6883: checking for dlfcn.h
configure:6883: gcc -c -g -O2  conftest.c >&5
configure:6883: $? = 0
configure:6883: result: yes
configure:7070: checking for objdir
configure:7085: result: .libs
configure:7356: checking if gcc supports -fno-rtti -fno-exceptions
configure:7374: gcc -c -g -O2  -fno-rtti -fno-exceptions conftest.c >&5
cc1: warning: command line option "-fno-rtti" is valid for C++/ObjC++ but not for C
configure:7378: $? = 0
configure:7391: result: no
configure:7411: checking for gcc option to produce PIC
configure:7696: result: -fno-common -DPIC
configure:7708: checking if gcc PIC flag -fno-common -DPIC works
configure:7726: gcc -c -g -O2  -fno-common -DPIC -DPIC conftest.c >&5
configure:7730: $? = 0
configure:7743: result: yes
configure:7767: checking if gcc static flag -static works
configure:7795: result: no
configure:7810: checking if gcc supports -c -o file.o
configure:7831: gcc -c -g -O2  -o out/conftest2.o conftest.c >&5
configure:7835: $? = 0
configure:7857: result: yes
configure:7865: checking if gcc supports -c -o file.o
configure:7912: result: yes
configure:7945: checking whether the gcc linker (/usr/libexec/gcc/i686-apple-darwin9/4.0.1/ld) supports shared libraries
configure:9020: result: yes
configure:9265: checking dynamic linker characteristics
configure:9942: result: darwin9.8.0 dyld
configure:10049: checking how to hardcode library paths into programs
configure:10074: result: immediate
configure:10614: checking whether stripping libraries is possible
configure:10628: result: yes
configure:10654: checking if libtool supports shared libraries
configure:10656: result: yes
configure:10659: checking whether to build shared libraries
configure:10680: result: yes
configure:10683: checking whether to build static libraries
configure:10687: result: yes
configure:10787: checking for g++
configure:10803: found /usr/bin/g++
configure:10814: result: g++
configure:10841: checking for C++ compiler version
configure:10850: g++ --version >&5
i686-apple-darwin9-g++-4.0.1 (GCC) 4.0.1 (Apple Inc. build 5493)
Copyright (C) 2005 Free Software Foundation, Inc.
This is free software; see the source for copying conditions.  There is NO
warranty; not even for MERCHANTABILITY or FITNESS FOR A PARTICULAR PURPOSE.

configure:10861: $? = 0
configure:10850: g++ -v >&5
Using built-in specs.
Target: i686-apple-darwin9
Configured with: /var/tmp/gcc/gcc-5493~1/src/configure --disable-checking -enable-werror --prefix=/usr --mandir=/share/man --enable-languages=c,objc,c++,obj-c++ --program-transform-name=/^[cg][^.-]*$/s/$/-4.0/ --with-gxx-include-dir=/include/c++/4.0.0 --with-slibdir=/usr/lib --build=i686-apple-darwin9 --with-arch=apple --with-tune=generic --host=i686-apple-darwin9 --target=i686-apple-darwin9
Thread model: posix
gcc version 4.0.1 (Apple Inc. build 5493)
configure:10861: $? = 0
configure:10850: g++ -V >&5
g++-4.0: argument to `-V' is missing
configure:10861: $? = 1
configure:10850: g++ -qversion >&5
i686-apple-darwin9-g++-4.0.1: no input files
configure:10861: $? = 1
configure:10865: checking whether we are using the GNU C++ compiler
configure:10884: g++ -c -O2  conftest.cpp >&5
configure:10884: $? = 0
configure:10893: result: yes
configure:10902: checking whether g++ accepts -g
configure:10922: g++ -c -g  conftest.cpp >&5
configure:10922: $? = 0
configure:10963: result: yes
configure:10988: checking dependency style of g++
configure:11098: result: gcc3
configure:11121: checking how to run the C++ preprocessor
configure:11148: g++ -E  conftest.cpp
configure:11148: $? = 0
configure:11162: g++ -E  conftest.cpp
conftest.cpp:23:28: error: ac_nonexistent.h: No such file or directory
configure:11162: $? = 1
configure: failed program was:
| /* confdefs.h */
| #define PACKAGE_NAME "xmlplus"
| #define PACKAGE_TARNAME "xmlplus"
| #define PACKAGE_VERSION "VERSION"
| #define PACKAGE_STRING "xmlplus VERSION"
| #define PACKAGE_BUGREPORT "BUG-REPORT-ADDRESS"
| #define PACKAGE_URL ""
| #define PACKAGE "xmlplus"
| #define VERSION "0.1"
| #define STDC_HEADERS 1
| #define HAVE_SYS_TYPES_H 1
| #define HAVE_SYS_STAT_H 1
| #define HAVE_STDLIB_H 1
| #define HAVE_STRING_H 1
| #define HAVE_MEMORY_H 1
| #define HAVE_STRINGS_H 1
| #define HAVE_INTTYPES_H 1
| #define HAVE_STDINT_H 1
| #define HAVE_UNISTD_H 1
| #define HAVE_DLFCN_H 1
| #define LT_OBJDIR ".libs/"
| /* end confdefs.h.  */
| #include <ac_nonexistent.h>
configure:11187: result: g++ -E
configure:11207: g++ -E  conftest.cpp
configure:11207: $? = 0
configure:11221: g++ -E  conftest.cpp
conftest.cpp:23:28: error: ac_nonexistent.h: No such file or directory
configure:11221: $? = 1
configure: failed program was:
| /* confdefs.h */
| #define PACKAGE_NAME "xmlplus"
| #define PACKAGE_TARNAME "xmlplus"
| #define PACKAGE_VERSION "VERSION"
| #define PACKAGE_STRING "xmlplus VERSION"
| #define PACKAGE_BUGREPORT "BUG-REPORT-ADDRESS"
| #define PACKAGE_URL ""
| #define PACKAGE "xmlplus"
| #define VERSION "0.1"
| #define STDC_HEADERS 1
| #define HAVE_SYS_TYPES_H 1
| #define HAVE_SYS_STAT_H 1
| #define HAVE_STDLIB_H 1
| #define HAVE_STRING_H 1
| #define HAVE_MEMORY_H 1
| #define HAVE_STRINGS_H 1
| #define HAVE_INTTYPES_H 1
| #define HAVE_STDINT_H 1
| #define HAVE_UNISTD_H 1
| #define HAVE_DLFCN_H 1
| #define LT_OBJDIR ".libs/"
| /* end confdefs.h.  */
| #include <ac_nonexistent.h>
configure:11389: checking for ld used by g++
configure:11456: result: /usr/libexec/gcc/i686-apple-darwin9/4.0.1/ld
configure:11463: checking if the linker (/usr/libexec/gcc/i686-apple-darwin9/4.0.1/ld) is GNU ld
configure:11478: result: no
configure:11533: checking whether the g++ linker (/usr/libexec/gcc/i686-apple-darwin9/4.0.1/ld) supports shared libraries
configure:12465: result: yes
configure:12493: g++ -c -O2  conftest.cpp >&5
configure:12496: $? = 0
configure:12678: checking for g++ option to produce PIC
configure:13000: result: -fno-common -DPIC
configure:13009: checking if g++ PIC flag -fno-common -DPIC works
configure:13027: g++ -c -O2  -fno-common -DPIC -DPIC conftest.cpp >&5
configure:13031: $? = 0
configure:13044: result: yes
configure:13065: checking if g++ static flag -static works
configure:13093: result: no
configure:13105: checking if g++ supports -c -o file.o
configure:13126: g++ -c -O2  -o out/conftest2.o conftest.cpp >&5
configure:13130: $? = 0
configure:13152: result: yes
configure:13157: checking if g++ supports -c -o file.o
configure:13204: result: yes
configure:13234: checking whether the g++ linker (/usr/libexec/gcc/i686-apple-darwin9/4.0.1/ld) supports shared libraries
configure:13262: result: yes
configure:13405: checking dynamic linker characteristics
configure:14016: result: darwin9.8.0 dyld
configure:14069: checking how to hardcode library paths into programs
configure:14094: result: immediate
configure:14181: checking for gcc
configure:14208: result: gcc
configure:14437: checking for C compiler version
configure:14446: gcc --version >&5
i686-apple-darwin9-gcc-4.0.1 (GCC) 4.0.1 (Apple Inc. build 5493)
Copyright (C) 2005 Free Software Foundation, Inc.
This is free software; see the source for copying conditions.  There is NO
warranty; not even for MERCHANTABILITY or FITNESS FOR A PARTICULAR PURPOSE.

configure:14457: $? = 0
configure:14446: gcc -v >&5
Using built-in specs.
Target: i686-apple-darwin9
Configured with: /var/tmp/gcc/gcc-5493~1/src/configure --disable-checking -enable-werror --prefix=/usr --mandir=/share/man --enable-languages=c,objc,c++,obj-c++ --program-transform-name=/^[cg][^.-]*$/s/$/-4.0/ --with-gxx-include-dir=/include/c++/4.0.0 --with-slibdir=/usr/lib --build=i686-apple-darwin9 --with-arch=apple --with-tune=generic --host=i686-apple-darwin9 --target=i686-apple-darwin9
Thread model: posix
gcc version 4.0.1 (Apple Inc. build 5493)
configure:14457: $? = 0
configure:14446: gcc -V >&5
gcc-4.0: argument to `-V' is missing
configure:14457: $? = 1
configure:14446: gcc -qversion >&5
i686-apple-darwin9-gcc-4.0.1: no input files
configure:14457: $? = 1
configure:14461: checking whether we are using the GNU C compiler
configure:14489: result: yes
configure:14498: checking whether gcc accepts -g
configure:14559: result: yes
configure:14576: checking for gcc option to accept ISO C89
configure:14653: result: none needed
configure:14675: checking dependency style of gcc
configure:14785: result: gcc3
configure:14805: checking how to run the C preprocessor
configure:14875: result: gcc -E
configure:14895: gcc -E  conftest.c
configure:14895: $? = 0
configure:14909: gcc -E  conftest.c
conftest.c:23:28: error: ac_nonexistent.h: No such file or directory
configure:14909: $? = 1
configure: failed program was:
| /* confdefs.h */
| #define PACKAGE_NAME "xmlplus"
| #define PACKAGE_TARNAME "xmlplus"
| #define PACKAGE_VERSION "VERSION"
| #define PACKAGE_STRING "xmlplus VERSION"
| #define PACKAGE_BUGREPORT "BUG-REPORT-ADDRESS"
| #define PACKAGE_URL ""
| #define PACKAGE "xmlplus"
| #define VERSION "0.1"
| #define STDC_HEADERS 1
| #define HAVE_SYS_TYPES_H 1
| #define HAVE_SYS_STAT_H 1
| #define HAVE_STDLIB_H 1
| #define HAVE_STRING_H 1
| #define HAVE_MEMORY_H 1
| #define HAVE_STRINGS_H 1
| #define HAVE_INTTYPES_H 1
| #define HAVE_STDINT_H 1
| #define HAVE_UNISTD_H 1
| #define HAVE_DLFCN_H 1
| #define LT_OBJDIR ".libs/"
| /* end confdefs.h.  */
| #include <ac_nonexistent.h>
configure:14937: checking whether make sets $(MAKE)
configure:14959: result: yes
configure:14977: checking for stdlib.h
configure:14977: result: yes
configure:14977: checking for string.h
configure:14977: result: yes
configure:14990: checking for stdbool.h that conforms to C99
configure:15075: gcc -c -g -O2  conftest.c >&5
configure:15075: $? = 0
configure:15082: result: yes
configure:15084: checking for _Bool
configure:15084: gcc -c -g -O2  conftest.c >&5
configure:15084: $? = 0
configure:15084: gcc -c -g -O2  conftest.c >&5
conftest.c: In function 'main':
conftest.c:61: error: syntax error before ')' token
configure:15084: $? = 1
configure: failed program was:
| /* confdefs.h */
| #define PACKAGE_NAME "xmlplus"
| #define PACKAGE_TARNAME "xmlplus"
| #define PACKAGE_VERSION "VERSION"
| #define PACKAGE_STRING "xmlplus VERSION"
| #define PACKAGE_BUGREPORT "BUG-REPORT-ADDRESS"
| #define PACKAGE_URL ""
| #define PACKAGE "xmlplus"
| #define VERSION "0.1"
| #define STDC_HEADERS 1
| #define HAVE_SYS_TYPES_H 1
| #define HAVE_SYS_STAT_H 1
| #define HAVE_STDLIB_H 1
| #define HAVE_STRING_H 1
| #define HAVE_MEMORY_H 1
| #define HAVE_STRINGS_H 1
| #define HAVE_INTTYPES_H 1
| #define HAVE_STDINT_H 1
| #define HAVE_UNISTD_H 1
| #define HAVE_DLFCN_H 1
| #define LT_OBJDIR ".libs/"
| #define HAVE_STDLIB_H 1
| #define HAVE_STRING_H 1
| /* end confdefs.h.  */
| #include <stdio.h>
| #ifdef HAVE_SYS_TYPES_H
| # include <sys/types.h>
| #endif
| #ifdef HAVE_SYS_STAT_H
| # include <sys/stat.h>
| #endif
| #ifdef STDC_HEADERS
| # include <stdlib.h>
| # include <stddef.h>
| #else
| # ifdef HAVE_STDLIB_H
| #  include <stdlib.h>
| # endif
| #endif
| #ifdef HAVE_STRING_H
| # if !defined STDC_HEADERS && defined HAVE_MEMORY_H
| #  include <memory.h>
| # endif
| # include <string.h>
| #endif
| #ifdef HAVE_STRINGS_H
| # include <strings.h>
| #endif
| #ifdef HAVE_INTTYPES_H
| # include <inttypes.h>
| #endif
| #ifdef HAVE_STDINT_H
| # include <stdint.h>
| #endif
| #ifdef HAVE_UNISTD_H
| # include <unistd.h>
| #endif
| int
| main ()
| {
| if (sizeof ((_Bool)))
| 	    return 0;
|   ;
|   return 0;
| }
configure:15084: result: yes
configure:15100: checking for inline
configure:15116: gcc -c -g -O2  conftest.c >&5
configure:15116: $? = 0
configure:15124: result: inline
configure:15269: creating ./config.status

## ---------------------- ##
## Running config.status. ##
## ---------------------- ##

This file was extended by xmlplus config.status VERSION, which was
generated by GNU Autoconf 2.65.  Invocation command line was

  CONFIG_FILES    = 
  CONFIG_HEADERS  = 
  CONFIG_LINKS    = 
  CONFIG_COMMANDS = 
  $ ./config.status 

on partialrock-lm

config.status:1137: creating src/Makefile
config.status:1137: creating include/Makefile
config.status:1137: creating src/XPlus/Makefile
config.status:1137: creating src/Poco/Makefile
config.status:1137: creating src/DOM/Makefile
config.status:1137: creating src/XSD/Makefile
config.status:1137: creating src/tools/Makefile
config.status:1137: creating Makefile
config.status:1137: creating config.h
config.status:1309: config.h is unchanged
config.status:1357: executing depfiles commands
config.status:1357: executing libtool commands

## ---------------- ##
## Cache variables. ##
## ---------------- ##

ac_cv_build=i386-apple-darwin9.8.0
ac_cv_c_compiler_gnu=yes
ac_cv_c_inline=inline
ac_cv_cxx_compiler_gnu=yes
ac_cv_env_CCC_set=
ac_cv_env_CCC_value=
ac_cv_env_CC_set=
ac_cv_env_CC_value=
ac_cv_env_CFLAGS_set=
ac_cv_env_CFLAGS_value=
ac_cv_env_CPPFLAGS_set=
ac_cv_env_CPPFLAGS_value=
ac_cv_env_CPP_set=
ac_cv_env_CPP_value=
ac_cv_env_CXXCPP_set=
ac_cv_env_CXXCPP_value=
ac_cv_env_CXXFLAGS_set=
ac_cv_env_CXXFLAGS_value=
ac_cv_env_CXX_set=
ac_cv_env_CXX_value=
ac_cv_env_LDFLAGS_set=
ac_cv_env_LDFLAGS_value=
ac_cv_env_LIBS_set=
ac_cv_env_LIBS_value=
ac_cv_env_build_alias_set=
ac_cv_env_build_alias_value=
ac_cv_env_host_alias_set=
ac_cv_env_host_alias_value=
ac_cv_env_target_alias_set=
ac_cv_env_target_alias_value=
ac_cv_header_dlfcn_h=yes
ac_cv_header_inttypes_h=yes
ac_cv_header_memory_h=yes
ac_cv_header_stdbool_h=yes
ac_cv_header_stdc=yes
ac_cv_header_stdint_h=yes
ac_cv_header_stdlib_h=yes
ac_cv_header_string_h=yes
ac_cv_header_strings_h=yes
ac_cv_header_sys_stat_h=yes
ac_cv_header_sys_types_h=yes
ac_cv_header_unistd_h=yes
ac_cv_host=i386-apple-darwin9.8.0
ac_cv_objext=o
ac_cv_path_EGREP='/usr/bin/grep -E'
ac_cv_path_FGREP='/usr/bin/grep -F'
ac_cv_path_GREP=/usr/bin/grep
ac_cv_path_SED=/usr/bin/sed
ac_cv_path_install='/opt/local/bin/ginstall -c'
ac_cv_path_mkdir=/opt/local/bin/gmkdir
ac_cv_prog_AWK=awk
ac_cv_prog_CPP='gcc -E'
ac_cv_prog_CXXCPP='g++ -E'
ac_cv_prog_ac_ct_AR=ar
ac_cv_prog_ac_ct_CC=gcc
ac_cv_prog_ac_ct_CXX=g++
ac_cv_prog_ac_ct_DSYMUTIL=dsymutil
ac_cv_prog_ac_ct_LIPO=lipo
ac_cv_prog_ac_ct_NMEDIT=nmedit
ac_cv_prog_ac_ct_OTOOL=otool
ac_cv_prog_ac_ct_RANLIB=ranlib
ac_cv_prog_ac_ct_STRIP=strip
ac_cv_prog_cc_c89=
ac_cv_prog_cc_g=yes
ac_cv_prog_cxx_g=yes
ac_cv_prog_make_make_set=yes
ac_cv_type__Bool=yes
am_cv_CC_dependencies_compiler_type=gcc3
am_cv_CXX_dependencies_compiler_type=gcc3
lt_cv_apple_cc_single_mod=yes
lt_cv_deplibs_check_method=pass_all
lt_cv_file_magic_cmd='$MAGIC_CMD'
lt_cv_file_magic_test_file=
lt_cv_ld_exported_symbols_list=yes
lt_cv_ld_force_load=no
lt_cv_ld_reload_flag=-r
lt_cv_nm_interface='BSD nm'
lt_cv_objdir=.libs
lt_cv_path_LD=/usr/libexec/gcc/i686-apple-darwin9/4.0.1/ld
lt_cv_path_LDCXX=/usr/libexec/gcc/i686-apple-darwin9/4.0.1/ld
lt_cv_path_NM='/usr/bin/nm -p'
lt_cv_prog_compiler_c_o=yes
lt_cv_prog_compiler_c_o_CXX=yes
lt_cv_prog_compiler_pic_works=yes
lt_cv_prog_compiler_pic_works_CXX=yes
lt_cv_prog_compiler_rtti_exceptions=no
lt_cv_prog_compiler_static_works=no
lt_cv_prog_compiler_static_works_CXX=no
lt_cv_prog_gnu_ld=no
lt_cv_prog_gnu_ldcxx=no
lt_cv_sys_global_symbol_pipe='sed -n -e '\''s/^.*[	 ]\([BCDEGRST][BCDEGRST]*\)[	 ][	 ]*_\([_A-Za-z][_A-Za-z0-9]*\)$/\1 _\2 \2/p'\'''
lt_cv_sys_global_symbol_to_c_name_address='sed -n -e '\''s/^: \([^ ]*\) $/  {\"\1\", (void *) 0},/p'\'' -e '\''s/^[BCDEGRST]* \([^ ]*\) \([^ ]*\)$/  {"\2", (void *) \&\2},/p'\'''
lt_cv_sys_global_symbol_to_c_name_address_lib_prefix='sed -n -e '\''s/^: \([^ ]*\) $/  {\"\1\", (void *) 0},/p'\'' -e '\''s/^[BCDEGRST]* \([^ ]*\) \(lib[^ ]*\)$/  {"\2", (void *) \&\2},/p'\'' -e '\''s/^[BCDEGRST]* \([^ ]*\) \([^ ]*\)$/  {"lib\2", (void *) \&\2},/p'\'''
lt_cv_sys_global_symbol_to_cdecl='sed -n -e '\''s/^T .* \(.*\)$/extern int \1();/p'\'' -e '\''s/^[BCDEGRST]* .* \(.*\)$/extern char \1;/p'\'''
lt_cv_sys_max_cmd_len=196608

## ----------------- ##
## Output variables. ##
## ----------------- ##

ACLOCAL='${SHELL} /Users/satyat/packages/svnXPlus/trunk/missing --run aclocal-1.11'
AMDEPBACKSLASH='\'
AMDEP_FALSE='#'
AMDEP_TRUE=''
AMTAR='${SHELL} /Users/satyat/packages/svnXPlus/trunk/missing --run tar'
AR='ar'
AUTOCONF='${SHELL} /Users/satyat/packages/svnXPlus/trunk/missing --run autoconf'
AUTOHEADER='${SHELL} /Users/satyat/packages/svnXPlus/trunk/missing --run autoheader'
AUTOMAKE='${SHELL} /Users/satyat/packages/svnXPlus/trunk/missing --run automake-1.11'
AWK='awk'
CC='gcc'
CCDEPMODE='depmode=gcc3'
CFLAGS='-g -O2'
CPP='gcc -E'
CPPFLAGS=''
CXX='g++'
CXXCPP='g++ -E'
CXXDEPMODE='depmode=gcc3'
CXXFLAGS='-O2'
CYGPATH_W='echo'
DEFS='-DHAVE_CONFIG_H'
DEPDIR='.deps'
DSYMUTIL='dsymutil'
DUMPBIN=''
ECHO_C='\c'
ECHO_N=''
ECHO_T=''
EGREP='/usr/bin/grep -E'
EXEEXT=''
FGREP='/usr/bin/grep -F'
GREP='/usr/bin/grep'
INSTALL_DATA='${INSTALL} -m 644'
INSTALL_PROGRAM='${INSTALL}'
INSTALL_SCRIPT='${INSTALL}'
INSTALL_STRIP_PROGRAM='$(install_sh) -c -s'
LD='/usr/libexec/gcc/i686-apple-darwin9/4.0.1/ld'
LDFLAGS=''
LIBOBJS=''
LIBS=''
LIBTOOL='$(SHELL) $(top_builddir)/libtool'
LIPO='lipo'
LN_S='ln -s'
LTLIBOBJS=''
MAKEINFO='${SHELL} /Users/satyat/packages/svnXPlus/trunk/missing --run makeinfo'
MKDIR_P='/opt/local/bin/gmkdir -p'
NM='/usr/bin/nm -p'
NMEDIT='nmedit'
OBJDUMP='false'
OBJEXT='o'
OTOOL64=':'
OTOOL='otool'
PACKAGE='xmlplus'
PACKAGE_BUGREPORT='BUG-REPORT-ADDRESS'
PACKAGE_NAME='xmlplus'
PACKAGE_STRING='xmlplus VERSION'
PACKAGE_TARNAME='xmlplus'
PACKAGE_URL=''
PACKAGE_VERSION='VERSION'
PATH_SEPARATOR=':'
RANLIB='ranlib'
SED='/usr/bin/sed'
SET_MAKE=''
SHELL='/bin/sh'
STRIP='strip'
VERSION='0.1'
ac_ct_CC='gcc'
ac_ct_CXX='g++'
ac_ct_DUMPBIN=''
am__EXEEXT_FALSE=''
am__EXEEXT_TRUE='#'
am__fastdepCC_FALSE='#'
am__fastdepCC_TRUE=''
am__fastdepCXX_FALSE='#'
am__fastdepCXX_TRUE=''
am__include='include'
am__isrc=''
am__leading_dot='.'
am__quote=''
am__tar='${AMTAR} chof - "$$tardir"'
am__untar='${AMTAR} xf -'
bindir='${exec_prefix}/bin'
build='i386-apple-darwin9.8.0'
build_alias=''
build_cpu='i386'
build_os='darwin9.8.0'
build_vendor='apple'
datadir='${datarootdir}'
datarootdir='${prefix}/share'
docdir='${datarootdir}/doc/${PACKAGE_TARNAME}'
dvidir='${docdir}'
exec_prefix='${prefix}'
host='i386-apple-darwin9.8.0'
host_alias=''
host_cpu='i386'
host_os='darwin9.8.0'
host_vendor='apple'
htmldir='${docdir}'
includedir='${prefix}/include'
infodir='${datarootdir}/info'
install_sh='${SHELL} /Users/satyat/packages/svnXPlus/trunk/install-sh'
libdir='${exec_prefix}/lib'
libexecdir='${exec_prefix}/libexec'
localedir='${datarootdir}/locale'
localstatedir='${prefix}/var'
mandir='${datarootdir}/man'
mkdir_p='/opt/local/bin/gmkdir -p'
oldincludedir='/usr/include'
pdfdir='${docdir}'
prefix='/Users/satyat/xplusbuild'
program_transform_name='s,x,x,'
psdir='${docdir}'
sbindir='${exec_prefix}/sbin'
sharedstatedir='${prefix}/com'
sysconfdir='${prefix}/etc'
target_alias=''

## ----------- ##
## confdefs.h. ##
## ----------- ##

/* confdefs.h */
#define PACKAGE_NAME "xmlplus"
#define PACKAGE_TARNAME "xmlplus"
#define PACKAGE_VERSION "VERSION"
#define PACKAGE_STRING "xmlplus VERSION"
#define PACKAGE_BUGREPORT "BUG-REPORT-ADDRESS"
#define PACKAGE_URL ""
#define PACKAGE "xmlplus"
#define VERSION "0.1"
#define STDC_HEADERS 1
#define HAVE_SYS_TYPES_H 1
#define HAVE_SYS_STAT_H 1
#define HAVE_STDLIB_H 1
#define HAVE_STRING_H 1
#define HAVE_MEMORY_H 1
#define HAVE_STRINGS_H 1
#define HAVE_INTTYPES_H 1
#define HAVE_STDINT_H 1
#define HAVE_UNISTD_H 1
#define HAVE_DLFCN_H 1
#define LT_OBJDIR ".libs/"
#define HAVE_STDLIB_H 1
#define HAVE_STRING_H 1
#define HAVE__BOOL 1
#define HAVE_STDBOOL_H 1

configure: exit 0
